Analysis & Synthesis report for dadda_tree_18x6_NoExt
Thu Dec 07 15:54:35 2017
Quartus Prime Version 17.0.0 Build 595 04/25/2017 SJ Lite Edition


---------------------
; Table of Contents ;
---------------------
  1. Legal Notice
  2. Analysis & Synthesis Summary
  3. Analysis & Synthesis Settings
  4. Parallel Compilation
  5. Analysis & Synthesis Source Files Read
  6. Analysis & Synthesis Resource Usage Summary
  7. Analysis & Synthesis Resource Utilization by Entity
  8. General Register Statistics
  9. Port Connectivity Checks: "halfadd:\level1to0:17:level1to0_ha_mid_cond:level1to0_ha"
 10. Port Connectivity Checks: "fulladd:\level1to0:7:level1to0_fa_second_cond:level1to0_fa"
 11. Port Connectivity Checks: "fulladd:\level2to1:7:level2to1_fa_cond:level2to1_fa"
 12. Post-Synthesis Netlist Statistics for Top Partition
 13. Elapsed Time Per Partition
 14. Analysis & Synthesis Messages



----------------
; Legal Notice ;
----------------
Copyright (C) 2017  Intel Corporation. All rights reserved.
Your use of Intel Corporation's design tools, logic functions 
and other software and tools, and its AMPP partner logic 
functions, and any output files from any of the foregoing 
(including device programming or simulation files), and any 
associated documentation or information are expressly subject 
to the terms and conditions of the Intel Program License 
Subscription Agreement, the Intel Quartus Prime License Agreement,
the Intel MegaCore Function License Agreement, or other 
applicable license agreement, including, without limitation, 
that your use is for the sole purpose of programming logic 
devices manufactured by Intel and sold by Intel or its 
authorized distributors.  Please refer to the applicable 
agreement for further details.



+-------------------------------------------------------------------------------+
; Analysis & Synthesis Summary                                                  ;
+---------------------------------+---------------------------------------------+
; Analysis & Synthesis Status     ; Successful - Thu Dec 07 15:54:35 2017       ;
; Quartus Prime Version           ; 17.0.0 Build 595 04/25/2017 SJ Lite Edition ;
; Revision Name                   ; dadda_tree_18x6_NoExt                       ;
; Top-level Entity Name           ; dadda_tree_18x6_NoExt                       ;
; Family                          ; Cyclone V                                   ;
; Logic utilization (in ALMs)     ; N/A                                         ;
; Total registers                 ; 0                                           ;
; Total pins                      ; 144                                         ;
; Total virtual pins              ; 0                                           ;
; Total block memory bits         ; 0                                           ;
; Total DSP Blocks                ; 0                                           ;
; Total HSSI RX PCSs              ; 0                                           ;
; Total HSSI PMA RX Deserializers ; 0                                           ;
; Total HSSI TX PCSs              ; 0                                           ;
; Total HSSI PMA TX Serializers   ; 0                                           ;
; Total PLLs                      ; 0                                           ;
; Total DLLs                      ; 0                                           ;
+---------------------------------+---------------------------------------------+


+---------------------------------------------------------------------------------------------------------------------------------+
; Analysis & Synthesis Settings                                                                                                   ;
+---------------------------------------------------------------------------------+-----------------------+-----------------------+
; Option                                                                          ; Setting               ; Default Value         ;
+---------------------------------------------------------------------------------+-----------------------+-----------------------+
; Device                                                                          ; 5CGXFC7C7F23C8        ;                       ;
; Top-level entity name                                                           ; dadda_tree_18x6_NoExt ; dadda_tree_18x6_NoExt ;
; Family name                                                                     ; Cyclone V             ; Cyclone V             ;
; Use smart compilation                                                           ; Off                   ; Off                   ;
; Enable parallel Assembler and TimeQuest Timing Analyzer during compilation      ; On                    ; On                    ;
; Enable compact report table                                                     ; Off                   ; Off                   ;
; Restructure Multiplexers                                                        ; Auto                  ; Auto                  ;
; MLAB Add Timing Constraints For Mixed-Port Feed-Through Mode Setting Don't Care ; Off                   ; Off                   ;
; Create Debugging Nodes for IP Cores                                             ; Off                   ; Off                   ;
; Preserve fewer node names                                                       ; On                    ; On                    ;
; OpenCore Plus hardware evaluation                                               ; Enable                ; Enable                ;
; Verilog Version                                                                 ; Verilog_2001          ; Verilog_2001          ;
; VHDL Version                                                                    ; VHDL_1993             ; VHDL_1993             ;
; State Machine Processing                                                        ; Auto                  ; Auto                  ;
; Safe State Machine                                                              ; Off                   ; Off                   ;
; Extract Verilog State Machines                                                  ; On                    ; On                    ;
; Extract VHDL State Machines                                                     ; On                    ; On                    ;
; Ignore Verilog initial constructs                                               ; Off                   ; Off                   ;
; Iteration limit for constant Verilog loops                                      ; 5000                  ; 5000                  ;
; Iteration limit for non-constant Verilog loops                                  ; 250                   ; 250                   ;
; Add Pass-Through Logic to Inferred RAMs                                         ; On                    ; On                    ;
; Infer RAMs from Raw Logic                                                       ; On                    ; On                    ;
; Parallel Synthesis                                                              ; On                    ; On                    ;
; DSP Block Balancing                                                             ; Auto                  ; Auto                  ;
; NOT Gate Push-Back                                                              ; On                    ; On                    ;
; Power-Up Don't Care                                                             ; On                    ; On                    ;
; Remove Redundant Logic Cells                                                    ; Off                   ; Off                   ;
; Remove Duplicate Registers                                                      ; On                    ; On                    ;
; Ignore CARRY Buffers                                                            ; Off                   ; Off                   ;
; Ignore CASCADE Buffers                                                          ; Off                   ; Off                   ;
; Ignore GLOBAL Buffers                                                           ; Off                   ; Off                   ;
; Ignore ROW GLOBAL Buffers                                                       ; Off                   ; Off                   ;
; Ignore LCELL Buffers                                                            ; Off                   ; Off                   ;
; Ignore SOFT Buffers                                                             ; On                    ; On                    ;
; Limit AHDL Integers to 32 Bits                                                  ; Off                   ; Off                   ;
; Optimization Technique                                                          ; Balanced              ; Balanced              ;
; Carry Chain Length                                                              ; 70                    ; 70                    ;
; Auto Carry Chains                                                               ; On                    ; On                    ;
; Auto Open-Drain Pins                                                            ; On                    ; On                    ;
; Perform WYSIWYG Primitive Resynthesis                                           ; Off                   ; Off                   ;
; Auto ROM Replacement                                                            ; On                    ; On                    ;
; Auto RAM Replacement                                                            ; On                    ; On                    ;
; Auto DSP Block Replacement                                                      ; On                    ; On                    ;
; Auto Shift Register Replacement                                                 ; Auto                  ; Auto                  ;
; Allow Shift Register Merging across Hierarchies                                 ; Auto                  ; Auto                  ;
; Auto Clock Enable Replacement                                                   ; On                    ; On                    ;
; Strict RAM Replacement                                                          ; Off                   ; Off                   ;
; Allow Synchronous Control Signals                                               ; On                    ; On                    ;
; Force Use of Synchronous Clear Signals                                          ; Off                   ; Off                   ;
; Auto Resource Sharing                                                           ; Off                   ; Off                   ;
; Allow Any RAM Size For Recognition                                              ; Off                   ; Off                   ;
; Allow Any ROM Size For Recognition                                              ; Off                   ; Off                   ;
; Allow Any Shift Register Size For Recognition                                   ; Off                   ; Off                   ;
; Use LogicLock Constraints during Resource Balancing                             ; On                    ; On                    ;
; Ignore translate_off and synthesis_off directives                               ; Off                   ; Off                   ;
; Timing-Driven Synthesis                                                         ; On                    ; On                    ;
; Report Parameter Settings                                                       ; On                    ; On                    ;
; Report Source Assignments                                                       ; On                    ; On                    ;
; Report Connectivity Checks                                                      ; On                    ; On                    ;
; Ignore Maximum Fan-Out Assignments                                              ; Off                   ; Off                   ;
; Synchronization Register Chain Length                                           ; 3                     ; 3                     ;
; PowerPlay Power Optimization During Synthesis                                   ; Normal compilation    ; Normal compilation    ;
; HDL message level                                                               ; Level2                ; Level2                ;
; Suppress Register Optimization Related Messages                                 ; Off                   ; Off                   ;
; Number of Removed Registers Reported in Synthesis Report                        ; 5000                  ; 5000                  ;
; Number of Swept Nodes Reported in Synthesis Report                              ; 5000                  ; 5000                  ;
; Number of Inverted Registers Reported in Synthesis Report                       ; 100                   ; 100                   ;
; Clock MUX Protection                                                            ; On                    ; On                    ;
; Auto Gated Clock Conversion                                                     ; Off                   ; Off                   ;
; Block Design Naming                                                             ; Auto                  ; Auto                  ;
; SDC constraint protection                                                       ; Off                   ; Off                   ;
; Synthesis Effort                                                                ; Auto                  ; Auto                  ;
; Shift Register Replacement - Allow Asynchronous Clear Signal                    ; On                    ; On                    ;
; Pre-Mapping Resynthesis Optimization                                            ; Off                   ; Off                   ;
; Analysis & Synthesis Message Level                                              ; Medium                ; Medium                ;
; Disable Register Merging Across Hierarchies                                     ; Auto                  ; Auto                  ;
; Resource Aware Inference For Block RAM                                          ; On                    ; On                    ;
; Automatic Parallel Synthesis                                                    ; On                    ; On                    ;
; Partial Reconfiguration Bitstream ID                                            ; Off                   ; Off                   ;
+---------------------------------------------------------------------------------+-----------------------+-----------------------+


+------------------------------------------+
; Parallel Compilation                     ;
+----------------------------+-------------+
; Processors                 ; Number      ;
+----------------------------+-------------+
; Number detected on machine ; 4           ;
; Maximum allowed            ; 4           ;
;                            ;             ;
; Average used               ; 1.00        ;
; Maximum used               ; 1           ;
;                            ;             ;
; Usage by Processor         ; % Time Used ;
;     Processor 1            ; 100.0%      ;
+----------------------------+-------------+


+--------------------------------------------------------------------------------------------------------------------------------------------------+
; Analysis & Synthesis Source Files Read                                                                                                           ;
+----------------------------------+-----------------+-----------------+-----------------------------------------------------------------+---------+
; File Name with User-Entered Path ; Used in Netlist ; File Type       ; File Name with Absolute Path                                    ; Library ;
+----------------------------------+-----------------+-----------------+-----------------------------------------------------------------+---------+
; halfadd.vhd                      ; yes             ; User VHDL File  ; C:/Users/meaep/Desktop/DaddaCA2_NoExt/halfadd.vhd               ;         ;
; fulladd.vhd                      ; yes             ; User VHDL File  ; C:/Users/meaep/Desktop/DaddaCA2_NoExt/fulladd.vhd               ;         ;
; dadda_tree_18x6_NoExt.vhd        ; yes             ; User VHDL File  ; C:/Users/meaep/Desktop/DaddaCA2_NoExt/dadda_tree_18x6_NoExt.vhd ;         ;
; compressor_53_approx.vhd         ; yes             ; User VHDL File  ; C:/Users/meaep/Desktop/DaddaCA2_NoExt/compressor_53_approx.vhd  ;         ;
+----------------------------------+-----------------+-----------------+-----------------------------------------------------------------+---------+


+------------------------------------------------------------+
; Analysis & Synthesis Resource Usage Summary                ;
+---------------------------------------------+--------------+
; Resource                                    ; Usage        ;
+---------------------------------------------+--------------+
; Estimate of Logic utilization (ALMs needed) ; 21           ;
;                                             ;              ;
; Combinational ALUT usage for logic          ; 37           ;
;     -- 7 input functions                    ; 0            ;
;     -- 6 input functions                    ; 4            ;
;     -- 5 input functions                    ; 15           ;
;     -- 4 input functions                    ; 14           ;
;     -- <=3 input functions                  ; 4            ;
;                                             ;              ;
; Dedicated logic registers                   ; 0            ;
;                                             ;              ;
; I/O pins                                    ; 144          ;
;                                             ;              ;
; Total DSP Blocks                            ; 0            ;
;                                             ;              ;
; Maximum fan-out node                        ; in0[7]~input ;
; Maximum fan-out                             ; 6            ;
; Total fan-out                               ; 331          ;
; Average fan-out                             ; 1.02         ;
+---------------------------------------------+--------------+


+-----------------------------------------------------------------------------------------------------------------------------------------------------------------------------------------------------------------------------------------------------------------------------------------------------------------------------+
; Analysis & Synthesis Resource Utilization by Entity                                                                                                                                                                                                                                                                         ;
+-----------------------------------------------------------------------------+---------------------+---------------------------+-------------------+------------+------+--------------+-----------------------------------------------------------------------------------------------+-----------------------+--------------+
; Compilation Hierarchy Node                                                  ; Combinational ALUTs ; Dedicated Logic Registers ; Block Memory Bits ; DSP Blocks ; Pins ; Virtual Pins ; Full Hierarchy Name                                                                           ; Entity Name           ; Library Name ;
+-----------------------------------------------------------------------------+---------------------+---------------------------+-------------------+------------+------+--------------+-----------------------------------------------------------------------------------------------+-----------------------+--------------+
; |dadda_tree_18x6_NoExt                                                      ; 37 (0)              ; 0 (0)                     ; 0                 ; 0          ; 144  ; 0            ; |dadda_tree_18x6_NoExt                                                                        ; dadda_tree_18x6_NoExt ; work         ;
;    |compressor_53_approx:\level3to2:10:level3to2_53_cond_mid:level3to2_53|  ; 2 (2)               ; 0 (0)                     ; 0                 ; 0          ; 0    ; 0            ; |dadda_tree_18x6_NoExt|compressor_53_approx:\level3to2:10:level3to2_53_cond_mid:level3to2_53  ; compressor_53_approx  ; work         ;
;    |compressor_53_approx:\level3to2:11:level3to2_53_cond:level3to2_53|      ; 2 (2)               ; 0 (0)                     ; 0                 ; 0          ; 0    ; 0            ; |dadda_tree_18x6_NoExt|compressor_53_approx:\level3to2:11:level3to2_53_cond:level3to2_53      ; compressor_53_approx  ; work         ;
;    |compressor_53_approx:\level3to2:8:level3to2_53_cond_first:level3to2_53| ; 2 (2)               ; 0 (0)                     ; 0                 ; 0          ; 0    ; 0            ; |dadda_tree_18x6_NoExt|compressor_53_approx:\level3to2:8:level3to2_53_cond_first:level3to2_53 ; compressor_53_approx  ; work         ;
;    |compressor_53_approx:\level3to2:9:level3to2_53_cond_mid:level3to2_53|   ; 1 (1)               ; 0 (0)                     ; 0                 ; 0          ; 0    ; 0            ; |dadda_tree_18x6_NoExt|compressor_53_approx:\level3to2:9:level3to2_53_cond_mid:level3to2_53   ; compressor_53_approx  ; work         ;
;    |fulladd:\level1to0:10:level1to0_fa_second_cond:level1to0_fa|            ; 2 (2)               ; 0 (0)                     ; 0                 ; 0          ; 0    ; 0            ; |dadda_tree_18x6_NoExt|fulladd:\level1to0:10:level1to0_fa_second_cond:level1to0_fa            ; fulladd               ; work         ;
;    |fulladd:\level1to0:11:level1to0_fa_second_cond:level1to0_fa|            ; 2 (2)               ; 0 (0)                     ; 0                 ; 0          ; 0    ; 0            ; |dadda_tree_18x6_NoExt|fulladd:\level1to0:11:level1to0_fa_second_cond:level1to0_fa            ; fulladd               ; work         ;
;    |fulladd:\level1to0:12:level1to0_fa_second_cond:level1to0_fa|            ; 2 (2)               ; 0 (0)                     ; 0                 ; 0          ; 0    ; 0            ; |dadda_tree_18x6_NoExt|fulladd:\level1to0:12:level1to0_fa_second_cond:level1to0_fa            ; fulladd               ; work         ;
;    |fulladd:\level1to0:13:level1to0_fa_second_cond:level1to0_fa|            ; 2 (2)               ; 0 (0)                     ; 0                 ; 0          ; 0    ; 0            ; |dadda_tree_18x6_NoExt|fulladd:\level1to0:13:level1to0_fa_second_cond:level1to0_fa            ; fulladd               ; work         ;
;    |fulladd:\level1to0:14:level1to0_fa_second_cond:level1to0_fa|            ; 2 (2)               ; 0 (0)                     ; 0                 ; 0          ; 0    ; 0            ; |dadda_tree_18x6_NoExt|fulladd:\level1to0:14:level1to0_fa_second_cond:level1to0_fa            ; fulladd               ; work         ;
;    |fulladd:\level1to0:15:level1to0_fa_second_cond:level1to0_fa|            ; 2 (2)               ; 0 (0)                     ; 0                 ; 0          ; 0    ; 0            ; |dadda_tree_18x6_NoExt|fulladd:\level1to0:15:level1to0_fa_second_cond:level1to0_fa            ; fulladd               ; work         ;
;    |fulladd:\level1to0:16:level1to0_fa_second_cond:level1to0_fa|            ; 2 (2)               ; 0 (0)                     ; 0                 ; 0          ; 0    ; 0            ; |dadda_tree_18x6_NoExt|fulladd:\level1to0:16:level1to0_fa_second_cond:level1to0_fa            ; fulladd               ; work         ;
;    |fulladd:\level1to0:7:level1to0_fa_second_cond:level1to0_fa|             ; 2 (2)               ; 0 (0)                     ; 0                 ; 0          ; 0    ; 0            ; |dadda_tree_18x6_NoExt|fulladd:\level1to0:7:level1to0_fa_second_cond:level1to0_fa             ; fulladd               ; work         ;
;    |fulladd:\level1to0:8:level1to0_fa_second_cond:level1to0_fa|             ; 2 (2)               ; 0 (0)                     ; 0                 ; 0          ; 0    ; 0            ; |dadda_tree_18x6_NoExt|fulladd:\level1to0:8:level1to0_fa_second_cond:level1to0_fa             ; fulladd               ; work         ;
;    |fulladd:\level1to0:9:level1to0_fa_second_cond:level1to0_fa|             ; 2 (2)               ; 0 (0)                     ; 0                 ; 0          ; 0    ; 0            ; |dadda_tree_18x6_NoExt|fulladd:\level1to0:9:level1to0_fa_second_cond:level1to0_fa             ; fulladd               ; work         ;
;    |fulladd:\level2to1:12:level2to1_fa_cond:level2to1_fa|                   ; 1 (1)               ; 0 (0)                     ; 0                 ; 0          ; 0    ; 0            ; |dadda_tree_18x6_NoExt|fulladd:\level2to1:12:level2to1_fa_cond:level2to1_fa                   ; fulladd               ; work         ;
;    |fulladd:\level2to1:13:level2to1_fa_cond:level2to1_fa|                   ; 2 (2)               ; 0 (0)                     ; 0                 ; 0          ; 0    ; 0            ; |dadda_tree_18x6_NoExt|fulladd:\level2to1:13:level2to1_fa_cond:level2to1_fa                   ; fulladd               ; work         ;
;    |fulladd:\level2to1:14:level2to1_fa_cond:level2to1_fa|                   ; 2 (2)               ; 0 (0)                     ; 0                 ; 0          ; 0    ; 0            ; |dadda_tree_18x6_NoExt|fulladd:\level2to1:14:level2to1_fa_cond:level2to1_fa                   ; fulladd               ; work         ;
;    |fulladd:\level2to1:9:level2to1_fa_cond:level2to1_fa|                    ; 1 (1)               ; 0 (0)                     ; 0                 ; 0          ; 0    ; 0            ; |dadda_tree_18x6_NoExt|fulladd:\level2to1:9:level2to1_fa_cond:level2to1_fa                    ; fulladd               ; work         ;
;    |fulladd:\level3to2:12:level3to2_fa_cond:level3to2_fa|                   ; 1 (1)               ; 0 (0)                     ; 0                 ; 0          ; 0    ; 0            ; |dadda_tree_18x6_NoExt|fulladd:\level3to2:12:level3to2_fa_cond:level3to2_fa                   ; fulladd               ; work         ;
;    |halfadd:\level1to0:17:level1to0_ha_mid_cond:level1to0_ha|               ; 1 (1)               ; 0 (0)                     ; 0                 ; 0          ; 0    ; 0            ; |dadda_tree_18x6_NoExt|halfadd:\level1to0:17:level1to0_ha_mid_cond:level1to0_ha               ; halfadd               ; work         ;
;    |halfadd:\level2to1:10:level2to1_ha_mid_cond:level2to1_ha|               ; 2 (2)               ; 0 (0)                     ; 0                 ; 0          ; 0    ; 0            ; |dadda_tree_18x6_NoExt|halfadd:\level2to1:10:level2to1_ha_mid_cond:level2to1_ha               ; halfadd               ; work         ;
+-----------------------------------------------------------------------------+---------------------+---------------------------+-------------------+------------+------+--------------+-----------------------------------------------------------------------------------------------+-----------------------+--------------+
Note: For table entries with two numbers listed, the numbers in parentheses indicate the number of resources of the given type used by the specific entity alone. The numbers listed outside of parentheses indicate the total resources of the given type used by the specific entity and all of its sub-entities in the hierarchy.


+------------------------------------------------------+
; General Register Statistics                          ;
+----------------------------------------------+-------+
; Statistic                                    ; Value ;
+----------------------------------------------+-------+
; Total registers                              ; 0     ;
; Number of registers using Synchronous Clear  ; 0     ;
; Number of registers using Synchronous Load   ; 0     ;
; Number of registers using Asynchronous Clear ; 0     ;
; Number of registers using Asynchronous Load  ; 0     ;
; Number of registers using Clock Enable       ; 0     ;
; Number of registers using Preset             ; 0     ;
+----------------------------------------------+-------+


+-----------------------------------------------------------------------------------------------------------------+
; Port Connectivity Checks: "halfadd:\level1to0:17:level1to0_ha_mid_cond:level1to0_ha"                            ;
+-------+--------+----------+-------------------------------------------------------------------------------------+
; Port  ; Type   ; Severity ; Details                                                                             ;
+-------+--------+----------+-------------------------------------------------------------------------------------+
; carry ; Output ; Info     ; Connected to dangling logic. Logic that only feeds a dangling port will be removed. ;
+-------+--------+----------+-------------------------------------------------------------------------------------+


+----------------------------------------------------------------------------------------+
; Port Connectivity Checks: "fulladd:\level1to0:7:level1to0_fa_second_cond:level1to0_fa" ;
+------+-------+----------+--------------------------------------------------------------+
; Port ; Type  ; Severity ; Details                                                      ;
+------+-------+----------+--------------------------------------------------------------+
; cin  ; Input ; Info     ; Stuck at GND                                                 ;
+------+-------+----------+--------------------------------------------------------------+


+---------------------------------------------------------------------------------+
; Port Connectivity Checks: "fulladd:\level2to1:7:level2to1_fa_cond:level2to1_fa" ;
+------+-------+----------+-------------------------------------------------------+
; Port ; Type  ; Severity ; Details                                               ;
+------+-------+----------+-------------------------------------------------------+
; cin  ; Input ; Info     ; Stuck at GND                                          ;
+------+-------+----------+-------------------------------------------------------+


+-----------------------------------------------------+
; Post-Synthesis Netlist Statistics for Top Partition ;
+-----------------------+-----------------------------+
; Type                  ; Count                       ;
+-----------------------+-----------------------------+
; arriav_lcell_comb     ; 40                          ;
;     normal            ; 40                          ;
;         0 data inputs ; 1                           ;
;         1 data inputs ; 2                           ;
;         2 data inputs ; 1                           ;
;         3 data inputs ; 3                           ;
;         4 data inputs ; 14                          ;
;         5 data inputs ; 15                          ;
;         6 data inputs ; 4                           ;
; boundary_port         ; 144                         ;
;                       ;                             ;
; Max LUT depth         ; 3.00                        ;
; Average LUT depth     ; 2.08                        ;
+-----------------------+-----------------------------+


+-------------------------------+
; Elapsed Time Per Partition    ;
+----------------+--------------+
; Partition Name ; Elapsed Time ;
+----------------+--------------+
; Top            ; 00:00:00     ;
+----------------+--------------+


+-------------------------------+
; Analysis & Synthesis Messages ;
+-------------------------------+
Info: *******************************************************************
Info: Running Quartus Prime Analysis & Synthesis
    Info: Version 17.0.0 Build 595 04/25/2017 SJ Lite Edition
    Info: Processing started: Thu Dec 07 15:54:21 2017
Info: Command: quartus_map --read_settings_files=on --write_settings_files=off dadda_tree_18x6_NoExt -c dadda_tree_18x6_NoExt
Warning (18236): Number of processors has not been specified which may cause overloading on shared machines.  Set the global assignment NUM_PARALLEL_PROCESSORS in your QSF to an appropriate value for best performance.
Info (20032): Parallel compilation is enabled and will use up to 4 processors
Warning (20031): Parallel compilation is enabled for 4 processors, but there are only 2 processors in the system. Runtime may increase due to over usage of the processor space.
Info (12021): Found 2 design units, including 1 entities, in source file halfadd.vhd
    Info (12022): Found design unit 1: halfadd-DATAFLOW File: C:/Users/meaep/Desktop/DaddaCA2_NoExt/halfadd.vhd Line: 9
    Info (12023): Found entity 1: halfadd File: C:/Users/meaep/Desktop/DaddaCA2_NoExt/halfadd.vhd Line: 4
Info (12021): Found 2 design units, including 1 entities, in source file fulladd.vhd
    Info (12022): Found design unit 1: fulladd-beh File: C:/Users/meaep/Desktop/DaddaCA2_NoExt/fulladd.vhd Line: 10
    Info (12023): Found entity 1: fulladd File: C:/Users/meaep/Desktop/DaddaCA2_NoExt/fulladd.vhd Line: 4
Info (12021): Found 4 design units, including 1 entities, in source file dadda_tree_18x6_noext.vhd
    Info (12022): Found design unit 1: dadda_tree_18x6_NoExt-structural File: C:/Users/meaep/Desktop/DaddaCA2_NoExt/dadda_tree_18x6_NoExt.vhd Line: 18
    Info (12022): Found design unit 2: dadda_tree_18x6_NoExt-approx File: C:/Users/meaep/Desktop/DaddaCA2_NoExt/dadda_tree_18x6_NoExt.vhd Line: 246
    Info (12022): Found design unit 3: dadda_tree_18x6_NoExt-approxCut File: C:/Users/meaep/Desktop/DaddaCA2_NoExt/dadda_tree_18x6_NoExt.vhd Line: 474
    Info (12023): Found entity 1: dadda_tree_18x6_NoExt File: C:/Users/meaep/Desktop/DaddaCA2_NoExt/dadda_tree_18x6_NoExt.vhd Line: 5
Info (12021): Found 2 design units, including 1 entities, in source file compressor_53_approx.vhd
    Info (12022): Found design unit 1: compressor_53_approx-DATAFLOW File: C:/Users/meaep/Desktop/DaddaCA2_NoExt/compressor_53_approx.vhd Line: 15
    Info (12023): Found entity 1: compressor_53_approx File: C:/Users/meaep/Desktop/DaddaCA2_NoExt/compressor_53_approx.vhd Line: 5
Info (12021): Found 2 design units, including 1 entities, in source file compressor_53.vhd
    Info (12022): Found design unit 1: compressor_53-DATAFLOW File: C:/Users/meaep/Desktop/DaddaCA2_NoExt/compressor_53.vhd Line: 9
    Info (12023): Found entity 1: compressor_53 File: C:/Users/meaep/Desktop/DaddaCA2_NoExt/compressor_53.vhd Line: 4
Info (12127): Elaborating entity "dadda_tree_18x6_NoExt" for the top level hierarchy
Warning (10873): Using initial value X (don't care) for net "level2[0][7]" at dadda_tree_18x6_NoExt.vhd(481) File: C:/Users/meaep/Desktop/DaddaCA2_NoExt/dadda_tree_18x6_NoExt.vhd Line: 481
Warning (10873): Using initial value X (don't care) for net "level1[0][7]" at dadda_tree_18x6_NoExt.vhd(482) File: C:/Users/meaep/Desktop/DaddaCA2_NoExt/dadda_tree_18x6_NoExt.vhd Line: 482
Warning (10873): Using initial value X (don't care) for net "level0[0][7]" at dadda_tree_18x6_NoExt.vhd(483) File: C:/Users/meaep/Desktop/DaddaCA2_NoExt/dadda_tree_18x6_NoExt.vhd Line: 483
Info (12128): Elaborating entity "halfadd" for hierarchy "halfadd:\level3to2:7:level3to2_ha_low_cond:level3to2_ha" File: C:/Users/meaep/Desktop/DaddaCA2_NoExt/dadda_tree_18x6_NoExt.vhd Line: 535
Info (12128): Elaborating entity "compressor_53_approx" for hierarchy "compressor_53_approx:\level3to2:8:level3to2_53_cond_first:level3to2_53" File: C:/Users/meaep/Desktop/DaddaCA2_NoExt/dadda_tree_18x6_NoExt.vhd Line: 554
Info (12128): Elaborating entity "fulladd" for hierarchy "fulladd:\level3to2:12:level3to2_fa_cond:level3to2_fa" File: C:/Users/meaep/Desktop/DaddaCA2_NoExt/dadda_tree_18x6_NoExt.vhd Line: 547
Warning (13024): Output pins are stuck at VCC or GND
    Warning (13410): Pin "out0[0]" is stuck at GND File: C:/Users/meaep/Desktop/DaddaCA2_NoExt/dadda_tree_18x6_NoExt.vhd Line: 13
    Warning (13410): Pin "out0[1]" is stuck at GND File: C:/Users/meaep/Desktop/DaddaCA2_NoExt/dadda_tree_18x6_NoExt.vhd Line: 13
    Warning (13410): Pin "out0[2]" is stuck at GND File: C:/Users/meaep/Desktop/DaddaCA2_NoExt/dadda_tree_18x6_NoExt.vhd Line: 13
    Warning (13410): Pin "out0[3]" is stuck at GND File: C:/Users/meaep/Desktop/DaddaCA2_NoExt/dadda_tree_18x6_NoExt.vhd Line: 13
    Warning (13410): Pin "out0[4]" is stuck at GND File: C:/Users/meaep/Desktop/DaddaCA2_NoExt/dadda_tree_18x6_NoExt.vhd Line: 13
    Warning (13410): Pin "out0[5]" is stuck at GND File: C:/Users/meaep/Desktop/DaddaCA2_NoExt/dadda_tree_18x6_NoExt.vhd Line: 13
    Warning (13410): Pin "out0[6]" is stuck at GND File: C:/Users/meaep/Desktop/DaddaCA2_NoExt/dadda_tree_18x6_NoExt.vhd Line: 13
    Warning (13410): Pin "out0[7]" is stuck at GND File: C:/Users/meaep/Desktop/DaddaCA2_NoExt/dadda_tree_18x6_NoExt.vhd Line: 13
    Warning (13410): Pin "out1[0]" is stuck at GND File: C:/Users/meaep/Desktop/DaddaCA2_NoExt/dadda_tree_18x6_NoExt.vhd Line: 14
    Warning (13410): Pin "out1[1]" is stuck at GND File: C:/Users/meaep/Desktop/DaddaCA2_NoExt/dadda_tree_18x6_NoExt.vhd Line: 14
    Warning (13410): Pin "out1[2]" is stuck at GND File: C:/Users/meaep/Desktop/DaddaCA2_NoExt/dadda_tree_18x6_NoExt.vhd Line: 14
    Warning (13410): Pin "out1[3]" is stuck at GND File: C:/Users/meaep/Desktop/DaddaCA2_NoExt/dadda_tree_18x6_NoExt.vhd Line: 14
    Warning (13410): Pin "out1[4]" is stuck at GND File: C:/Users/meaep/Desktop/DaddaCA2_NoExt/dadda_tree_18x6_NoExt.vhd Line: 14
    Warning (13410): Pin "out1[5]" is stuck at GND File: C:/Users/meaep/Desktop/DaddaCA2_NoExt/dadda_tree_18x6_NoExt.vhd Line: 14
    Warning (13410): Pin "out1[6]" is stuck at GND File: C:/Users/meaep/Desktop/DaddaCA2_NoExt/dadda_tree_18x6_NoExt.vhd Line: 14
Info (286030): Timing-Driven Synthesis is running
Info (16010): Generating hard_block partition "hard_block:auto_generated_inst"
    Info (16011): Adding 0 node(s), including 0 DDIO, 0 PLL, 0 transceiver and 0 LCELL
Warning (21074): Design contains 64 input pin(s) that do not drive logic
    Warning (15610): No output dependent on input pin "in0[0]" File: C:/Users/meaep/Desktop/DaddaCA2_NoExt/dadda_tree_18x6_NoExt.vhd Line: 7
    Warning (15610): No output dependent on input pin "in0[1]" File: C:/Users/meaep/Desktop/DaddaCA2_NoExt/dadda_tree_18x6_NoExt.vhd Line: 7
    Warning (15610): No output dependent on input pin "in0[2]" File: C:/Users/meaep/Desktop/DaddaCA2_NoExt/dadda_tree_18x6_NoExt.vhd Line: 7
    Warning (15610): No output dependent on input pin "in0[3]" File: C:/Users/meaep/Desktop/DaddaCA2_NoExt/dadda_tree_18x6_NoExt.vhd Line: 7
    Warning (15610): No output dependent on input pin "in0[4]" File: C:/Users/meaep/Desktop/DaddaCA2_NoExt/dadda_tree_18x6_NoExt.vhd Line: 7
    Warning (15610): No output dependent on input pin "in0[5]" File: C:/Users/meaep/Desktop/DaddaCA2_NoExt/dadda_tree_18x6_NoExt.vhd Line: 7
    Warning (15610): No output dependent on input pin "in0[6]" File: C:/Users/meaep/Desktop/DaddaCA2_NoExt/dadda_tree_18x6_NoExt.vhd Line: 7
    Warning (15610): No output dependent on input pin "in0[11]" File: C:/Users/meaep/Desktop/DaddaCA2_NoExt/dadda_tree_18x6_NoExt.vhd Line: 7
    Warning (15610): No output dependent on input pin "in0[12]" File: C:/Users/meaep/Desktop/DaddaCA2_NoExt/dadda_tree_18x6_NoExt.vhd Line: 7
    Warning (15610): No output dependent on input pin "in0[13]" File: C:/Users/meaep/Desktop/DaddaCA2_NoExt/dadda_tree_18x6_NoExt.vhd Line: 7
    Warning (15610): No output dependent on input pin "in0[14]" File: C:/Users/meaep/Desktop/DaddaCA2_NoExt/dadda_tree_18x6_NoExt.vhd Line: 7
    Warning (15610): No output dependent on input pin "in0[15]" File: C:/Users/meaep/Desktop/DaddaCA2_NoExt/dadda_tree_18x6_NoExt.vhd Line: 7
    Warning (15610): No output dependent on input pin "in0[16]" File: C:/Users/meaep/Desktop/DaddaCA2_NoExt/dadda_tree_18x6_NoExt.vhd Line: 7
    Warning (15610): No output dependent on input pin "in0[17]" File: C:/Users/meaep/Desktop/DaddaCA2_NoExt/dadda_tree_18x6_NoExt.vhd Line: 7
    Warning (15610): No output dependent on input pin "in1[0]" File: C:/Users/meaep/Desktop/DaddaCA2_NoExt/dadda_tree_18x6_NoExt.vhd Line: 8
    Warning (15610): No output dependent on input pin "in1[1]" File: C:/Users/meaep/Desktop/DaddaCA2_NoExt/dadda_tree_18x6_NoExt.vhd Line: 8
    Warning (15610): No output dependent on input pin "in1[2]" File: C:/Users/meaep/Desktop/DaddaCA2_NoExt/dadda_tree_18x6_NoExt.vhd Line: 8
    Warning (15610): No output dependent on input pin "in1[3]" File: C:/Users/meaep/Desktop/DaddaCA2_NoExt/dadda_tree_18x6_NoExt.vhd Line: 8
    Warning (15610): No output dependent on input pin "in1[4]" File: C:/Users/meaep/Desktop/DaddaCA2_NoExt/dadda_tree_18x6_NoExt.vhd Line: 8
    Warning (15610): No output dependent on input pin "in1[5]" File: C:/Users/meaep/Desktop/DaddaCA2_NoExt/dadda_tree_18x6_NoExt.vhd Line: 8
    Warning (15610): No output dependent on input pin "in1[6]" File: C:/Users/meaep/Desktop/DaddaCA2_NoExt/dadda_tree_18x6_NoExt.vhd Line: 8
    Warning (15610): No output dependent on input pin "in1[13]" File: C:/Users/meaep/Desktop/DaddaCA2_NoExt/dadda_tree_18x6_NoExt.vhd Line: 8
    Warning (15610): No output dependent on input pin "in1[14]" File: C:/Users/meaep/Desktop/DaddaCA2_NoExt/dadda_tree_18x6_NoExt.vhd Line: 8
    Warning (15610): No output dependent on input pin "in1[15]" File: C:/Users/meaep/Desktop/DaddaCA2_NoExt/dadda_tree_18x6_NoExt.vhd Line: 8
    Warning (15610): No output dependent on input pin "in1[16]" File: C:/Users/meaep/Desktop/DaddaCA2_NoExt/dadda_tree_18x6_NoExt.vhd Line: 8
    Warning (15610): No output dependent on input pin "in1[17]" File: C:/Users/meaep/Desktop/DaddaCA2_NoExt/dadda_tree_18x6_NoExt.vhd Line: 8
    Warning (15610): No output dependent on input pin "in2[0]" File: C:/Users/meaep/Desktop/DaddaCA2_NoExt/dadda_tree_18x6_NoExt.vhd Line: 9
    Warning (15610): No output dependent on input pin "in2[1]" File: C:/Users/meaep/Desktop/DaddaCA2_NoExt/dadda_tree_18x6_NoExt.vhd Line: 9
    Warning (15610): No output dependent on input pin "in2[2]" File: C:/Users/meaep/Desktop/DaddaCA2_NoExt/dadda_tree_18x6_NoExt.vhd Line: 9
    Warning (15610): No output dependent on input pin "in2[3]" File: C:/Users/meaep/Desktop/DaddaCA2_NoExt/dadda_tree_18x6_NoExt.vhd Line: 9
    Warning (15610): No output dependent on input pin "in2[4]" File: C:/Users/meaep/Desktop/DaddaCA2_NoExt/dadda_tree_18x6_NoExt.vhd Line: 9
    Warning (15610): No output dependent on input pin "in2[5]" File: C:/Users/meaep/Desktop/DaddaCA2_NoExt/dadda_tree_18x6_NoExt.vhd Line: 9
    Warning (15610): No output dependent on input pin "in2[6]" File: C:/Users/meaep/Desktop/DaddaCA2_NoExt/dadda_tree_18x6_NoExt.vhd Line: 9
    Warning (15610): No output dependent on input pin "in2[15]" File: C:/Users/meaep/Desktop/DaddaCA2_NoExt/dadda_tree_18x6_NoExt.vhd Line: 9
    Warning (15610): No output dependent on input pin "in2[16]" File: C:/Users/meaep/Desktop/DaddaCA2_NoExt/dadda_tree_18x6_NoExt.vhd Line: 9
    Warning (15610): No output dependent on input pin "in2[17]" File: C:/Users/meaep/Desktop/DaddaCA2_NoExt/dadda_tree_18x6_NoExt.vhd Line: 9
    Warning (15610): No output dependent on input pin "in3[0]" File: C:/Users/meaep/Desktop/DaddaCA2_NoExt/dadda_tree_18x6_NoExt.vhd Line: 10
    Warning (15610): No output dependent on input pin "in3[1]" File: C:/Users/meaep/Desktop/DaddaCA2_NoExt/dadda_tree_18x6_NoExt.vhd Line: 10
    Warning (15610): No output dependent on input pin "in3[2]" File: C:/Users/meaep/Desktop/DaddaCA2_NoExt/dadda_tree_18x6_NoExt.vhd Line: 10
    Warning (15610): No output dependent on input pin "in3[3]" File: C:/Users/meaep/Desktop/DaddaCA2_NoExt/dadda_tree_18x6_NoExt.vhd Line: 10
    Warning (15610): No output dependent on input pin "in3[4]" File: C:/Users/meaep/Desktop/DaddaCA2_NoExt/dadda_tree_18x6_NoExt.vhd Line: 10
    Warning (15610): No output dependent on input pin "in3[5]" File: C:/Users/meaep/Desktop/DaddaCA2_NoExt/dadda_tree_18x6_NoExt.vhd Line: 10
    Warning (15610): No output dependent on input pin "in3[6]" File: C:/Users/meaep/Desktop/DaddaCA2_NoExt/dadda_tree_18x6_NoExt.vhd Line: 10
    Warning (15610): No output dependent on input pin "in3[17]" File: C:/Users/meaep/Desktop/DaddaCA2_NoExt/dadda_tree_18x6_NoExt.vhd Line: 10
    Warning (15610): No output dependent on input pin "in4[0]" File: C:/Users/meaep/Desktop/DaddaCA2_NoExt/dadda_tree_18x6_NoExt.vhd Line: 11
    Warning (15610): No output dependent on input pin "in4[1]" File: C:/Users/meaep/Desktop/DaddaCA2_NoExt/dadda_tree_18x6_NoExt.vhd Line: 11
    Warning (15610): No output dependent on input pin "in4[2]" File: C:/Users/meaep/Desktop/DaddaCA2_NoExt/dadda_tree_18x6_NoExt.vhd Line: 11
    Warning (15610): No output dependent on input pin "in4[3]" File: C:/Users/meaep/Desktop/DaddaCA2_NoExt/dadda_tree_18x6_NoExt.vhd Line: 11
    Warning (15610): No output dependent on input pin "in4[4]" File: C:/Users/meaep/Desktop/DaddaCA2_NoExt/dadda_tree_18x6_NoExt.vhd Line: 11
    Warning (15610): No output dependent on input pin "in4[5]" File: C:/Users/meaep/Desktop/DaddaCA2_NoExt/dadda_tree_18x6_NoExt.vhd Line: 11
    Warning (15610): No output dependent on input pin "in4[6]" File: C:/Users/meaep/Desktop/DaddaCA2_NoExt/dadda_tree_18x6_NoExt.vhd Line: 11
    Warning (15610): No output dependent on input pin "in4[7]" File: C:/Users/meaep/Desktop/DaddaCA2_NoExt/dadda_tree_18x6_NoExt.vhd Line: 11
    Warning (15610): No output dependent on input pin "in5[0]" File: C:/Users/meaep/Desktop/DaddaCA2_NoExt/dadda_tree_18x6_NoExt.vhd Line: 12
    Warning (15610): No output dependent on input pin "in5[1]" File: C:/Users/meaep/Desktop/DaddaCA2_NoExt/dadda_tree_18x6_NoExt.vhd Line: 12
    Warning (15610): No output dependent on input pin "in5[2]" File: C:/Users/meaep/Desktop/DaddaCA2_NoExt/dadda_tree_18x6_NoExt.vhd Line: 12
    Warning (15610): No output dependent on input pin "in5[3]" File: C:/Users/meaep/Desktop/DaddaCA2_NoExt/dadda_tree_18x6_NoExt.vhd Line: 12
    Warning (15610): No output dependent on input pin "in5[4]" File: C:/Users/meaep/Desktop/DaddaCA2_NoExt/dadda_tree_18x6_NoExt.vhd Line: 12
    Warning (15610): No output dependent on input pin "in5[5]" File: C:/Users/meaep/Desktop/DaddaCA2_NoExt/dadda_tree_18x6_NoExt.vhd Line: 12
    Warning (15610): No output dependent on input pin "in5[6]" File: C:/Users/meaep/Desktop/DaddaCA2_NoExt/dadda_tree_18x6_NoExt.vhd Line: 12
    Warning (15610): No output dependent on input pin "in5[7]" File: C:/Users/meaep/Desktop/DaddaCA2_NoExt/dadda_tree_18x6_NoExt.vhd Line: 12
    Warning (15610): No output dependent on input pin "in5[10]" File: C:/Users/meaep/Desktop/DaddaCA2_NoExt/dadda_tree_18x6_NoExt.vhd Line: 12
    Warning (15610): No output dependent on input pin "in5[12]" File: C:/Users/meaep/Desktop/DaddaCA2_NoExt/dadda_tree_18x6_NoExt.vhd Line: 12
    Warning (15610): No output dependent on input pin "in5[14]" File: C:/Users/meaep/Desktop/DaddaCA2_NoExt/dadda_tree_18x6_NoExt.vhd Line: 12
    Warning (15610): No output dependent on input pin "in5[16]" File: C:/Users/meaep/Desktop/DaddaCA2_NoExt/dadda_tree_18x6_NoExt.vhd Line: 12
Info (21057): Implemented 181 device resources after synthesis - the final resource count might be different
    Info (21058): Implemented 108 input pins
    Info (21059): Implemented 36 output pins
    Info (21061): Implemented 37 logic cells
Info: Quartus Prime Analysis & Synthesis was successful. 0 errors, 86 warnings
    Info: Peak virtual memory: 774 megabytes
    Info: Processing ended: Thu Dec 07 15:54:35 2017
    Info: Elapsed time: 00:00:14
    Info: Total CPU time (on all processors): 00:00:30


